Arguments: 
  D:\Li\nodejs\node.exe D:\Li\yarn\bin\yarn.js add jqyery

PATH: 
  D:\Downldads\Downloads\cmder\vendor\git-for-windows\mingw64\bin;D:\Downldads\Downloads\cmder\vendor\git-for-windows\usr\bin;C:\Users\小啊giao\bin;C:\Windows\system32;C:\Windows;C:\Windows\System32\Wbem;C:\Windows\System32\WindowsPowerShell\v1.0;C:\Windows\System32\OpenSSH;C:\Program Files (x86)\NVIDIA Corporation\PhysX\Common;C:\Program Files\NVIDIA Corporation\NVIDIA NvDLISR;D:\Li\nodejs;D:\Li\yarn\bin;C:\Users\小啊giao\AppData\Local\Microsoft\WindowsApps;C:\Users\小啊giao\AppData\Local\Programs\Microsoft VS Code\bin;C:\Users\小啊giao\AppData\Roaming\npm;C:\Users\小啊giao\AppData\Local\Yarn\bin

Yarn version: 
  1.22.5

Node version: 
  14.16.0

Platform: 
  win32 x64

Trace: 
  Error: https://registry.npm.taobao.org/jqyery: Not found
      at Request.params.callback [as _callback] (D:\Li\yarn\lib\cli.js:66097:18)
      at Request.self.callback (D:\Li\yarn\lib\cli.js:140749:22)
      at Request.emit (events.js:315:20)
      at Request.<anonymous> (D:\Li\yarn\lib\cli.js:141721:10)
      at Request.emit (events.js:315:20)
      at IncomingMessage.<anonymous> (D:\Li\yarn\lib\cli.js:141643:12)
      at Object.onceWrapper (events.js:421:28)
      at IncomingMessage.emit (events.js:327:22)
      at endReadableNT (internal/streams/readable.js:1327:12)
      at processTicksAndRejections (internal/process/task_queues.js:80:21)

npm manifest: 
  {
    "name": "MVC-demo1",
    "version": "1.0.0",
    "main": "index.js",
    "license": "MIT",
    "dependencies": {
      "jquery": "^3.6.0"
    }
  }

yarn manifest: 
  No manifest

Lockfile: 
  # THIS IS AN AUTOGENERATED FILE. DO NOT EDIT THIS FILE DIRECTLY.
  # yarn lockfile v1
  
  
  jquery@^3.6.0:
    version "3.6.0"
    resolved "https://registry.npm.taobao.org/jquery/download/jquery-3.6.0.tgz#c72a09f15c1bdce142f49dbf1170bdf8adac2470"
    integrity sha1-xyoJ8Vwb3OFC9J2/EXC9+K2sJHA=
